{
  "0 debug pnpm:scope": {
    "selected": 1
  },
  "1 error pnpm": {
    "message": {
      "errno": 1,
      "code": "ELIFECYCLE",
      "pkgid": "react-redux-boilerplate@1.0.0",
      "stage": "start",
      "script": "cross-env NODE_ENV=development node server",
      "pkgname": "react-redux-boilerplate"
    },
    "err": {
      "name": "Error",
      "message": "react-redux-boilerplate@1.0.0 start: `cross-env NODE_ENV=development node server`\nExit status 1",
      "code": "ELIFECYCLE",
      "stack": "Error: react-redux-boilerplate@1.0.0 start: `cross-env NODE_ENV=development node server`\nExit status 1\n    at EventEmitter.<anonymous> (/home/evilspark/.nvm/versions/node/v13.7.0/lib/node_modules/pnpm/lib/node_modules/@zkochan/npm-lifecycle/index.js:302:16)\n    at EventEmitter.emit (events.js:321:20)\n    at ChildProcess.<anonymous> (/home/evilspark/.nvm/versions/node/v13.7.0/lib/node_modules/pnpm/lib/node_modules/@zkochan/npm-lifecycle/lib/spawn.js:55:14)\n    at ChildProcess.emit (events.js:321:20)\n    at maybeClose (internal/child_process.js:1026:16)\n    at Process.ChildProcess._handle.onexit (internal/child_process.js:286:5)"
    }
  }
}